<?xml version="1.0" encoding="UTF-8"?>
<coverage generated="1752710963">
  <project timestamp="1752710963" name="Clover Coverage">
    <package name="Revolution\Ordering\Actions">
      <file name="/home/runner/work/self-ordering/self-ordering/src/Actions/AddCartAction.php">
        <class name="Revolution\Ordering\Actions\AddCartAction" namespace="Revolution\Ordering\Actions">
          <metrics complexity="1" methods="1" coveredmethods="1" conditionals="0" coveredconditionals="0" statements="1" coveredstatements="1" elements="2" coveredelements="2"/>
        </class>
        <line num="15" type="method" name="add" visibility="public" complexity="1" crap="1" count="1"/>
        <line num="17" type="stmt" count="1"/>
        <metrics loc="20" ncloc="17" classes="1" methods="1" coveredmethods="1" conditionals="0" coveredconditionals="0" statements="1" coveredstatements="1" elements="2" coveredelements="2"/>
      </file>
      <file name="/home/runner/work/self-ordering/self-ordering/src/Actions/AddHistoryAction.php">
        <class name="Revolution\Ordering\Actions\AddHistoryAction" namespace="Revolution\Ordering\Actions">
          <metrics complexity="1" methods="1" coveredmethods="1" conditionals="0" coveredconditionals="0" statements="4" coveredstatements="4" elements="5" coveredelements="5"/>
        </class>
        <line num="14" type="method" name="add" visibility="public" complexity="1" crap="1" count="2"/>
        <line num="16" type="stmt" count="2"/>
        <line num="18" type="stmt" count="2"/>
        <line num="19" type="stmt" count="2"/>
        <line num="21" type="stmt" count="2"/>
        <metrics loc="24" ncloc="21" classes="1" methods="1" coveredmethods="1" conditionals="0" coveredconditionals="0" statements="4" coveredstatements="4" elements="5" coveredelements="5"/>
      </file>
      <file name="/home/runner/work/self-ordering/self-ordering/src/Actions/LoginAction.php">
        <class name="Revolution\Ordering\Actions\LoginAction" namespace="Revolution\Ordering\Actions">
          <metrics complexity="2" methods="1" coveredmethods="1" conditionals="0" coveredconditionals="0" statements="12" coveredstatements="12" elements="13" coveredelements="13"/>
        </class>
        <line num="18" type="method" name="__invoke" visibility="public" complexity="2" crap="2" count="2"/>
        <line num="20" type="stmt" count="2"/>
        <line num="21" type="stmt" count="2"/>
        <line num="22" type="stmt" count="2"/>
        <line num="23" type="stmt" count="2"/>
        <line num="24" type="stmt" count="2"/>
        <line num="25" type="stmt" count="2"/>
        <line num="27" type="stmt" count="2"/>
        <line num="28" type="stmt" count="1"/>
        <line num="30" type="stmt" count="1"/>
        <line num="33" type="stmt" count="1"/>
        <line num="35" type="stmt" count="1"/>
        <line num="36" type="stmt" count="1"/>
        <metrics loc="39" ncloc="36" classes="1" methods="1" coveredmethods="1" conditionals="0" coveredconditionals="0" statements="12" coveredstatements="12" elements="13" coveredelements="13"/>
      </file>
      <file name="/home/runner/work/self-ordering/self-ordering/src/Actions/LogoutAction.php">
        <class name="Revolution\Ordering\Actions\LogoutAction" namespace="Revolution\Ordering\Actions">
          <metrics complexity="1" methods="1" coveredmethods="1" conditionals="0" coveredconditionals="0" statements="3" coveredstatements="3" elements="4" coveredelements="4"/>
        </class>
        <line num="16" type="method" name="__invoke" visibility="public" complexity="1" crap="1" count="1"/>
        <line num="18" type="stmt" count="1"/>
        <line num="20" type="stmt" count="1"/>
        <line num="21" type="stmt" count="1"/>
        <metrics loc="24" ncloc="21" classes="1" methods="1" coveredmethods="1" conditionals="0" coveredconditionals="0" statements="3" coveredstatements="3" elements="4" coveredelements="4"/>
      </file>
      <file name="/home/runner/work/self-ordering/self-ordering/src/Actions/OrderAction.php">
        <class name="Revolution\Ordering\Actions\OrderAction" namespace="Revolution\Ordering\Actions">
          <metrics complexity="2" methods="1" coveredmethods="1" conditionals="0" coveredconditionals="0" statements="26" coveredstatements="26" elements="27" coveredelements="27"/>
        </class>
        <line num="18" type="method" name="order" visibility="public" complexity="2" crap="2" count="2"/>
        <line num="20" type="stmt" count="2"/>
        <line num="21" type="stmt" count="2"/>
        <line num="22" type="stmt" count="2"/>
        <line num="24" type="stmt" count="2"/>
        <line num="26" type="stmt" count="2"/>
        <line num="27" type="stmt" count="1"/>
        <line num="30" type="stmt" count="1"/>
        <line num="32" type="stmt" count="1"/>
        <line num="34" type="stmt" count="1"/>
        <line num="35" type="stmt" count="1"/>
        <line num="37" type="stmt" count="1"/>
        <line num="38" type="stmt" count="1"/>
        <line num="39" type="stmt" count="1"/>
        <line num="40" type="stmt" count="1"/>
        <line num="41" type="stmt" count="1"/>
        <line num="42" type="stmt" count="1"/>
        <line num="43" type="stmt" count="1"/>
        <line num="44" type="stmt" count="1"/>
        <line num="46" type="stmt" count="1"/>
        <line num="47" type="stmt" count="1"/>
        <line num="48" type="stmt" count="1"/>
        <line num="49" type="stmt" count="1"/>
        <line num="50" type="stmt" count="1"/>
        <line num="51" type="stmt" count="1"/>
        <line num="52" type="stmt" count="1"/>
        <line num="54" type="stmt" count="1"/>
        <metrics loc="57" ncloc="57" classes="1" methods="1" coveredmethods="1" conditionals="0" coveredconditionals="0" statements="26" coveredstatements="26" elements="27" coveredelements="27"/>
      </file>
      <file name="/home/runner/work/self-ordering/self-ordering/src/Actions/ResetCartAction.php">
        <class name="Revolution\Ordering\Actions\ResetCartAction" namespace="Revolution\Ordering\Actions">
          <metrics complexity="1" methods="1" coveredmethods="1" conditionals="0" coveredconditionals="0" statements="1" coveredstatements="1" elements="2" coveredelements="2"/>
        </class>
        <line num="15" type="method" name="reset" visibility="public" complexity="1" crap="1" count="3"/>
        <line num="17" type="stmt" count="3"/>
        <metrics loc="20" ncloc="17" classes="1" methods="1" coveredmethods="1" conditionals="0" coveredconditionals="0" statements="1" coveredstatements="1" elements="2" coveredelements="2"/>
      </file>
    </package>
    <package name="Revolution\Ordering\Actions\Api">
      <file name="/home/runner/work/self-ordering/self-ordering/src/Actions/Api/MenusIndexAction.php">
        <class name="Revolution\Ordering\Actions\Api\MenusIndexAction" namespace="Revolution\Ordering\Actions\Api">
          <metrics complexity="1" methods="1" coveredmethods="1" conditionals="0" coveredconditionals="0" statements="1" coveredstatements="1" elements="2" coveredelements="2"/>
        </class>
        <line num="17" type="method" name="__invoke" visibility="public" complexity="1" crap="1" count="1"/>
        <line num="19" type="stmt" count="1"/>
        <metrics loc="22" ncloc="19" classes="1" methods="1" coveredmethods="1" conditionals="0" coveredconditionals="0" statements="1" coveredstatements="1" elements="2" coveredelements="2"/>
      </file>
    </package>
    <package name="Revolution\Ordering\Auth">
      <file name="/home/runner/work/self-ordering/self-ordering/src/Auth/OrderingRequestGuard.php">
        <class name="Revolution\Ordering\Auth\OrderingRequestGuard" namespace="Revolution\Ordering\Auth">
          <metrics complexity="2" methods="1" coveredmethods="1" conditionals="0" coveredconditionals="0" statements="6" coveredstatements="6" elements="7" coveredelements="7"/>
        </class>
        <line num="16" type="method" name="__invoke" visibility="public" complexity="2" crap="2" count="2"/>
        <line num="18" type="stmt" count="2"/>
        <line num="19" type="stmt" count="1"/>
        <line num="22" type="stmt" count="1"/>
        <line num="23" type="stmt" count="1"/>
        <line num="24" type="stmt" count="1"/>
        <line num="25" type="stmt" count="1"/>
        <metrics loc="28" ncloc="25" classes="1" methods="1" coveredmethods="1" conditionals="0" coveredconditionals="0" statements="6" coveredstatements="6" elements="7" coveredelements="7"/>
      </file>
    </package>
    <package name="Revolution\Ordering\Cart">
      <file name="/home/runner/work/self-ordering/self-ordering/src/Cart/SessionCart.php">
        <class name="Revolution\Ordering\Cart\SessionCart" namespace="Revolution\Ordering\Cart">
          <metrics complexity="5" methods="5" coveredmethods="4" conditionals="0" coveredconditionals="0" statements="10" coveredstatements="8" elements="15" coveredelements="12"/>
        </class>
        <line num="27" type="method" name="items" visibility="public" complexity="1" crap="1" count="11"/>
        <line num="29" type="stmt" count="11"/>
        <line num="31" type="stmt" count="11"/>
        <line num="32" type="stmt" count="11"/>
        <line num="38" type="method" name="all" visibility="public" complexity="1" crap="1" count="12"/>
        <line num="40" type="stmt" count="12"/>
        <line num="46" type="method" name="add" visibility="public" complexity="1" crap="1" count="4"/>
        <line num="48" type="stmt" count="4"/>
        <line num="50" type="stmt" count="4"/>
        <line num="52" type="stmt" count="4"/>
        <line num="55" type="method" name="delete" visibility="public" complexity="1" crap="2" count="0"/>
        <line num="57" type="stmt" count="0"/>
        <line num="59" type="stmt" count="0"/>
        <line num="62" type="method" name="reset" visibility="public" complexity="1" crap="1" count="3"/>
        <line num="64" type="stmt" count="3"/>
        <metrics loc="67" ncloc="55" classes="1" methods="5" coveredmethods="4" conditionals="0" coveredconditionals="0" statements="10" coveredstatements="8" elements="15" coveredelements="12"/>
      </file>
    </package>
    <package name="Revolution\Ordering\Console">
      <file name="/home/runner/work/self-ordering/self-ordering/src/Console/InstallCommand.php">
        <class name="Revolution\Ordering\Console\InstallCommand" namespace="Revolution\Ordering\Console">
          <metrics complexity="2" methods="1" coveredmethods="1" conditionals="0" coveredconditionals="0" statements="18" coveredstatements="18" elements="19" coveredelements="19"/>
        </class>
        <line num="29" type="method" name="handle" visibility="public" complexity="2" crap="2" count="1"/>
        <line num="31" type="stmt" count="1"/>
        <line num="33" type="stmt" count="1"/>
        <line num="34" type="stmt" count="1"/>
        <line num="36" type="stmt" count="1"/>
        <line num="37" type="stmt" count="1"/>
        <line num="38" type="stmt" count="1"/>
        <line num="41" type="stmt" count="1"/>
        <line num="42" type="stmt" count="1"/>
        <line num="45" type="stmt" count="1"/>
        <line num="46" type="stmt" count="1"/>
        <line num="49" type="stmt" count="1"/>
        <line num="50" type="stmt" count="1"/>
        <line num="51" type="stmt" count="1"/>
        <line num="52" type="stmt" count="1"/>
        <line num="53" type="stmt" count="1"/>
        <line num="56" type="stmt" count="1"/>
        <line num="57" type="stmt" count="1"/>
        <line num="59" type="stmt" count="1"/>
        <metrics loc="62" ncloc="46" classes="1" methods="1" coveredmethods="1" conditionals="0" coveredconditionals="0" statements="18" coveredstatements="18" elements="19" coveredelements="19"/>
      </file>
    </package>
    <file name="/home/runner/work/self-ordering/self-ordering/src/Contracts/Actions/AddCart.php">
      <metrics loc="14" ncloc="11" classes="0" methods="0" coveredmethods="0" conditionals="0" coveredconditionals="0" statements="0" coveredstatements="0" elements="0" coveredelements="0"/>
    </file>
    <file name="/home/runner/work/self-ordering/self-ordering/src/Contracts/Actions/AddHistory.php">
      <metrics loc="11" ncloc="11" classes="0" methods="0" coveredmethods="0" conditionals="0" coveredconditionals="0" statements="0" coveredstatements="0" elements="0" coveredelements="0"/>
    </file>
    <file name="/home/runner/work/self-ordering/self-ordering/src/Contracts/Actions/Api/MenusIndex.php">
      <metrics loc="16" ncloc="13" classes="0" methods="0" coveredmethods="0" conditionals="0" coveredconditionals="0" statements="0" coveredstatements="0" elements="0" coveredelements="0"/>
    </file>
    <file name="/home/runner/work/self-ordering/self-ordering/src/Contracts/Actions/Login.php">
      <metrics loc="16" ncloc="13" classes="0" methods="0" coveredmethods="0" conditionals="0" coveredconditionals="0" statements="0" coveredstatements="0" elements="0" coveredelements="0"/>
    </file>
    <file name="/home/runner/work/self-ordering/self-ordering/src/Contracts/Actions/Logout.php">
      <metrics loc="16" ncloc="13" classes="0" methods="0" coveredmethods="0" conditionals="0" coveredconditionals="0" statements="0" coveredstatements="0" elements="0" coveredelements="0"/>
    </file>
    <file name="/home/runner/work/self-ordering/self-ordering/src/Contracts/Actions/Order.php">
      <metrics loc="11" ncloc="11" classes="0" methods="0" coveredmethods="0" conditionals="0" coveredconditionals="0" statements="0" coveredstatements="0" elements="0" coveredelements="0"/>
    </file>
    <file name="/home/runner/work/self-ordering/self-ordering/src/Contracts/Actions/ResetCart.php">
      <metrics loc="11" ncloc="11" classes="0" methods="0" coveredmethods="0" conditionals="0" coveredconditionals="0" statements="0" coveredstatements="0" elements="0" coveredelements="0"/>
    </file>
    <file name="/home/runner/work/self-ordering/self-ordering/src/Contracts/Auth/OrderingGuard.php">
      <metrics loc="8" ncloc="8" classes="0" methods="0" coveredmethods="0" conditionals="0" coveredconditionals="0" statements="0" coveredstatements="0" elements="0" coveredelements="0"/>
    </file>
    <file name="/home/runner/work/self-ordering/self-ordering/src/Contracts/Cart/CartFactory.php">
      <metrics loc="28" ncloc="21" classes="0" methods="0" coveredmethods="0" conditionals="0" coveredconditionals="0" statements="0" coveredstatements="0" elements="0" coveredelements="0"/>
    </file>
    <file name="/home/runner/work/self-ordering/self-ordering/src/Contracts/Menu/MenuData.php">
      <metrics loc="16" ncloc="13" classes="0" methods="0" coveredmethods="0" conditionals="0" coveredconditionals="0" statements="0" coveredstatements="0" elements="0" coveredelements="0"/>
    </file>
    <file name="/home/runner/work/self-ordering/self-ordering/src/Contracts/Menu/MenuDriver.php">
      <metrics loc="16" ncloc="13" classes="0" methods="0" coveredmethods="0" conditionals="0" coveredconditionals="0" statements="0" coveredstatements="0" elements="0" coveredelements="0"/>
    </file>
    <file name="/home/runner/work/self-ordering/self-ordering/src/Contracts/Menu/MenuStorage.php">
      <metrics loc="8" ncloc="8" classes="0" methods="0" coveredmethods="0" conditionals="0" coveredconditionals="0" statements="0" coveredstatements="0" elements="0" coveredelements="0"/>
    </file>
    <file name="/home/runner/work/self-ordering/self-ordering/src/Contracts/Payment/PaymentDriver.php">
      <metrics loc="11" ncloc="11" classes="0" methods="0" coveredmethods="0" conditionals="0" coveredconditionals="0" statements="0" coveredstatements="0" elements="0" coveredelements="0"/>
    </file>
    <file name="/home/runner/work/self-ordering/self-ordering/src/Contracts/Payment/PaymentFactory.php">
      <metrics loc="8" ncloc="8" classes="0" methods="0" coveredmethods="0" conditionals="0" coveredconditionals="0" statements="0" coveredstatements="0" elements="0" coveredelements="0"/>
    </file>
    <file name="/home/runner/work/self-ordering/self-ordering/src/Contracts/Payment/PaymentMethodFactory.php">
      <metrics loc="17" ncloc="17" classes="0" methods="0" coveredmethods="0" conditionals="0" coveredconditionals="0" statements="0" coveredstatements="0" elements="0" coveredelements="0"/>
    </file>
    <package name="Revolution\Ordering\Events\Auth">
      <file name="/home/runner/work/self-ordering/self-ordering/src/Events/Auth/AuthEvent.php">
        <class name="Revolution\Ordering\Events\Auth\AuthEvent" namespace="Revolution\Ordering\Events\Auth">
          <metrics complexity="1" methods="1" coveredmethods="1" conditionals="0" coveredconditionals="0" statements="1" coveredstatements="1" elements="2" coveredelements="2"/>
        </class>
        <line num="14" type="method" name="__construct" visibility="public" complexity="1" crap="1" count="3"/>
        <line num="17" type="stmt" count="3"/>
        <metrics loc="19" ncloc="18" classes="1" methods="1" coveredmethods="1" conditionals="0" coveredconditionals="0" statements="1" coveredstatements="1" elements="2" coveredelements="2"/>
      </file>
      <file name="/home/runner/work/self-ordering/self-ordering/src/Events/Auth/Failed.php">
        <class name="Revolution\Ordering\Events\Auth\Failed" namespace="Revolution\Ordering\Events\Auth">
          <metrics complexity="0" methods="0" coveredmethods="0" conditionals="0" coveredconditionals="0" statements="0" coveredstatements="0" elements="0" coveredelements="0"/>
        </class>
        <metrics loc="11" ncloc="10" classes="0" methods="0" coveredmethods="0" conditionals="0" coveredconditionals="0" statements="0" coveredstatements="0" elements="0" coveredelements="0"/>
      </file>
      <file name="/home/runner/work/self-ordering/self-ordering/src/Events/Auth/Login.php">
        <class name="Revolution\Ordering\Events\Auth\Login" namespace="Revolution\Ordering\Events\Auth">
          <metrics complexity="0" methods="0" coveredmethods="0" conditionals="0" coveredconditionals="0" statements="0" coveredstatements="0" elements="0" coveredelements="0"/>
        </class>
        <metrics loc="11" ncloc="10" classes="0" methods="0" coveredmethods="0" conditionals="0" coveredconditionals="0" statements="0" coveredstatements="0" elements="0" coveredelements="0"/>
      </file>
      <file name="/home/runner/work/self-ordering/self-ordering/src/Events/Auth/Logout.php">
        <class name="Revolution\Ordering\Events\Auth\Logout" namespace="Revolution\Ordering\Events\Auth">
          <metrics complexity="0" methods="0" coveredmethods="0" conditionals="0" coveredconditionals="0" statements="0" coveredstatements="0" elements="0" coveredelements="0"/>
        </class>
        <metrics loc="11" ncloc="10" classes="0" methods="0" coveredmethods="0" conditionals="0" coveredconditionals="0" statements="0" coveredstatements="0" elements="0" coveredelements="0"/>
      </file>
    </package>
    <package name="Revolution\Ordering\Events">
      <file name="/home/runner/work/self-ordering/self-ordering/src/Events/OrderEntry.php">
        <class name="Revolution\Ordering\Events\OrderEntry" namespace="Revolution\Ordering\Events">
          <metrics complexity="1" methods="1" coveredmethods="1" conditionals="0" coveredconditionals="0" statements="1" coveredstatements="1" elements="2" coveredelements="2"/>
        </class>
        <line num="13" type="method" name="__construct" visibility="public" complexity="1" crap="1" count="1"/>
        <line num="21" type="stmt" count="1"/>
        <metrics loc="23" ncloc="18" classes="1" methods="1" coveredmethods="1" conditionals="0" coveredconditionals="0" statements="1" coveredstatements="1" elements="2" coveredelements="2"/>
      </file>
    </package>
    <package name="Revolution\Ordering\Events\Payment">
      <file name="/home/runner/work/self-ordering/self-ordering/src/Events/Payment/PayPayCompleted.php">
        <class name="Revolution\Ordering\Events\Payment\PayPayCompleted" namespace="Revolution\Ordering\Events\Payment">
          <metrics complexity="0" methods="0" coveredmethods="0" conditionals="0" coveredconditionals="0" statements="0" coveredstatements="0" elements="0" coveredelements="0"/>
        </class>
        <metrics loc="11" ncloc="10" classes="0" methods="0" coveredmethods="0" conditionals="0" coveredconditionals="0" statements="0" coveredstatements="0" elements="0" coveredelements="0"/>
      </file>
      <file name="/home/runner/work/self-ordering/self-ordering/src/Events/Payment/PayPayErrored.php">
        <class name="Revolution\Ordering\Events\Payment\PayPayErrored" namespace="Revolution\Ordering\Events\Payment">
          <metrics complexity="0" methods="0" coveredmethods="0" conditionals="0" coveredconditionals="0" statements="0" coveredstatements="0" elements="0" coveredelements="0"/>
        </class>
        <metrics loc="11" ncloc="10" classes="0" methods="0" coveredmethods="0" conditionals="0" coveredconditionals="0" statements="0" coveredstatements="0" elements="0" coveredelements="0"/>
      </file>
      <file name="/home/runner/work/self-ordering/self-ordering/src/Events/Payment/PayPayEvent.php">
        <class name="Revolution\Ordering\Events\Payment\PayPayEvent" namespace="Revolution\Ordering\Events\Payment">
          <metrics complexity="1" methods="1" coveredmethods="1" conditionals="0" coveredconditionals="0" statements="1" coveredstatements="1" elements="2" coveredelements="2"/>
        </class>
        <line num="13" type="method" name="__construct" visibility="public" complexity="1" crap="1" count="4"/>
        <line num="16" type="stmt" count="4"/>
        <metrics loc="18" ncloc="17" classes="1" methods="1" coveredmethods="1" conditionals="0" coveredconditionals="0" statements="1" coveredstatements="1" elements="2" coveredelements="2"/>
      </file>
      <file name="/home/runner/work/self-ordering/self-ordering/src/Events/Payment/PayPayRedirected.php">
        <class name="Revolution\Ordering\Events\Payment\PayPayRedirected" namespace="Revolution\Ordering\Events\Payment">
          <metrics complexity="0" methods="0" coveredmethods="0" conditionals="0" coveredconditionals="0" statements="0" coveredstatements="0" elements="0" coveredelements="0"/>
        </class>
        <metrics loc="11" ncloc="10" classes="0" methods="0" coveredmethods="0" conditionals="0" coveredconditionals="0" statements="0" coveredstatements="0" elements="0" coveredelements="0"/>
      </file>
    </package>
    <package name="Revolution\Ordering\Facades">
      <file name="/home/runner/work/self-ordering/self-ordering/src/Facades/Cart.php">
        <class name="Revolution\Ordering\Facades\Cart" namespace="Revolution\Ordering\Facades">
          <metrics complexity="1" methods="1" coveredmethods="1" conditionals="0" coveredconditionals="0" statements="1" coveredstatements="1" elements="2" coveredelements="2"/>
        </class>
        <line num="25" type="method" name="getFacadeAccessor" visibility="protected" complexity="1" crap="1" count="15"/>
        <line num="27" type="stmt" count="15"/>
        <metrics loc="30" ncloc="18" classes="1" methods="1" coveredmethods="1" conditionals="0" coveredconditionals="0" statements="1" coveredstatements="1" elements="2" coveredelements="2"/>
      </file>
      <file name="/home/runner/work/self-ordering/self-ordering/src/Facades/Menu.php">
        <class name="Revolution\Ordering\Facades\Menu" namespace="Revolution\Ordering\Facades">
          <metrics complexity="1" methods="1" coveredmethods="1" conditionals="0" coveredconditionals="0" statements="1" coveredstatements="1" elements="2" coveredelements="2"/>
        </class>
        <line num="23" type="method" name="getFacadeAccessor" visibility="protected" complexity="1" crap="1" count="18"/>
        <line num="25" type="stmt" count="18"/>
        <metrics loc="28" ncloc="19" classes="1" methods="1" coveredmethods="1" conditionals="0" coveredconditionals="0" statements="1" coveredstatements="1" elements="2" coveredelements="2"/>
      </file>
      <file name="/home/runner/work/self-ordering/self-ordering/src/Facades/Payment.php">
        <class name="Revolution\Ordering\Facades\Payment" namespace="Revolution\Ordering\Facades">
          <metrics complexity="1" methods="1" coveredmethods="1" conditionals="0" coveredconditionals="0" statements="1" coveredstatements="1" elements="2" coveredelements="2"/>
        </class>
        <line num="23" type="method" name="getFacadeAccessor" visibility="protected" complexity="1" crap="1" count="3"/>
        <line num="25" type="stmt" count="3"/>
        <metrics loc="28" ncloc="19" classes="1" methods="1" coveredmethods="1" conditionals="0" coveredconditionals="0" statements="1" coveredstatements="1" elements="2" coveredelements="2"/>
      </file>
    </package>
    <package name="Revolution\Ordering\Http\Livewire\Dashboard">
      <file name="/home/runner/work/self-ordering/self-ordering/src/Http/Livewire/Dashboard/QrCodeGenerator.php">
        <class name="Revolution\Ordering\Http\Livewire\Dashboard\QrCodeGenerator" namespace="Revolution\Ordering\Http\Livewire\Dashboard">
          <metrics complexity="1" methods="1" coveredmethods="1" conditionals="0" coveredconditionals="0" statements="1" coveredstatements="1" elements="2" coveredelements="2"/>
        </class>
        <line num="13" type="method" name="render" visibility="public" complexity="1" crap="1" count="1"/>
        <line num="15" type="stmt" count="1"/>
        <metrics loc="18" ncloc="18" classes="1" methods="1" coveredmethods="1" conditionals="0" coveredconditionals="0" statements="1" coveredstatements="1" elements="2" coveredelements="2"/>
      </file>
    </package>
    <package name="Revolution\Ordering\Http\Livewire\Order">
      <file name="/home/runner/work/self-ordering/self-ordering/src/Http/Livewire/Order/History.php">
        <class name="Revolution\Ordering\Http\Livewire\Order\History" namespace="Revolution\Ordering\Http\Livewire\Order">
          <metrics complexity="6" methods="6" coveredmethods="6" conditionals="0" coveredconditionals="0" statements="10" coveredstatements="10" elements="16" coveredelements="16"/>
        </class>
        <line num="18" type="method" name="boot" visibility="public" complexity="1" crap="1" count="3"/>
        <line num="20" type="stmt" count="3"/>
        <line num="23" type="method" name="getHistoriesProperty" visibility="public" complexity="1" crap="1" count="3"/>
        <line num="25" type="stmt" count="3"/>
        <line num="28" type="method" name="replaceHistoryItems" visibility="public" complexity="1" crap="1" count="1"/>
        <line num="30" type="stmt" count="1"/>
        <line num="32" type="stmt" count="1"/>
        <line num="35" type="method" name="deleteHistory" visibility="public" complexity="1" crap="1" count="1"/>
        <line num="37" type="stmt" count="1"/>
        <line num="43" type="method" name="back" visibility="public" complexity="1" crap="1" count="1"/>
        <line num="45" type="stmt" count="1"/>
        <line num="48" type="method" name="render" visibility="public" complexity="1" crap="1" count="3"/>
        <line num="50" type="stmt" count="3"/>
        <line num="51" type="stmt" count="3"/>
        <line num="52" type="stmt" count="3"/>
        <line num="53" type="stmt" count="3"/>
        <metrics loc="56" ncloc="53" classes="1" methods="6" coveredmethods="6" conditionals="0" coveredconditionals="0" statements="10" coveredstatements="10" elements="16" coveredelements="16"/>
      </file>
      <file name="/home/runner/work/self-ordering/self-ordering/src/Http/Livewire/Order/Menus.php">
        <class name="Revolution\Ordering\Http\Livewire\Order\Menus" namespace="Revolution\Ordering\Http\Livewire\Order">
          <metrics complexity="6" methods="6" coveredmethods="6" conditionals="0" coveredconditionals="0" statements="10" coveredstatements="10" elements="16" coveredelements="16"/>
        </class>
        <line num="21" type="method" name="mount" visibility="public" complexity="1" crap="1" count="4"/>
        <line num="23" type="stmt" count="4"/>
        <line num="25" type="stmt" count="4"/>
        <line num="28" type="method" name="getItemsProperty" visibility="public" complexity="1" crap="1" count="4"/>
        <line num="30" type="stmt" count="4"/>
        <line num="38" type="method" name="addCart" visibility="public" complexity="1" crap="1" count="1"/>
        <line num="40" type="stmt" count="1"/>
        <line num="46" type="method" name="resetCart" visibility="public" complexity="1" crap="1" count="1"/>
        <line num="48" type="stmt" count="1"/>
        <line num="56" type="method" name="redirectTo" visibility="public" complexity="1" crap="1" count="1"/>
        <line num="58" type="stmt" count="1"/>
        <line num="61" type="method" name="render" visibility="public" complexity="1" crap="1" count="4"/>
        <line num="63" type="stmt" count="4"/>
        <line num="64" type="stmt" count="4"/>
        <line num="65" type="stmt" count="4"/>
        <line num="66" type="stmt" count="4"/>
        <metrics loc="69" ncloc="56" classes="1" methods="6" coveredmethods="6" conditionals="0" coveredconditionals="0" statements="10" coveredstatements="10" elements="16" coveredelements="16"/>
      </file>
      <file name="/home/runner/work/self-ordering/self-ordering/src/Http/Livewire/Order/PayPayCallback.php">
        <class name="Revolution\Ordering\Http\Livewire\Order\PayPayCallback" namespace="Revolution\Ordering\Http\Livewire\Order">
          <metrics complexity="5" methods="4" coveredmethods="4" conditionals="0" coveredconditionals="0" statements="19" coveredstatements="19" elements="23" coveredelements="23"/>
        </class>
        <line num="24" type="method" name="mount" visibility="public" complexity="1" crap="1" count="4"/>
        <line num="26" type="stmt" count="4"/>
        <line num="32" type="method" name="check" visibility="public" complexity="2" crap="2" count="2"/>
        <line num="34" type="stmt" count="2"/>
        <line num="36" type="stmt" count="2"/>
        <line num="39" type="stmt" count="2"/>
        <line num="40" type="stmt" count="1"/>
        <line num="42" type="stmt" count="1"/>
        <line num="45" type="stmt" count="1"/>
        <line num="46" type="stmt" count="1"/>
        <line num="47" type="stmt" count="1"/>
        <line num="48" type="stmt" count="1"/>
        <line num="49" type="stmt" count="1"/>
        <line num="51" type="stmt" count="1"/>
        <line num="53" type="stmt" count="1"/>
        <line num="55" type="stmt" count="1"/>
        <line num="61" type="method" name="back" visibility="public" complexity="1" crap="1" count="1"/>
        <line num="63" type="stmt" count="1"/>
        <line num="66" type="method" name="render" visibility="public" complexity="1" crap="1" count="4"/>
        <line num="68" type="stmt" count="4"/>
        <line num="69" type="stmt" count="4"/>
        <line num="70" type="stmt" count="4"/>
        <line num="71" type="stmt" count="4"/>
        <metrics loc="74" ncloc="67" classes="1" methods="4" coveredmethods="4" conditionals="0" coveredconditionals="0" statements="19" coveredstatements="19" elements="23" coveredelements="23"/>
      </file>
      <file name="/home/runner/work/self-ordering/self-ordering/src/Http/Livewire/Order/Prepare.php">
        <class name="Revolution\Ordering\Http\Livewire\Order\Prepare" namespace="Revolution\Ordering\Http\Livewire\Order">
          <metrics complexity="7" methods="7" coveredmethods="7" conditionals="0" coveredconditionals="0" statements="10" coveredstatements="10" elements="17" coveredelements="17"/>
        </class>
        <line num="23" type="method" name="mount" visibility="public" complexity="1" crap="1" count="4"/>
        <line num="25" type="stmt" count="4"/>
        <line num="28" type="method" name="getItemsProperty" visibility="public" complexity="1" crap="1" count="4"/>
        <line num="30" type="stmt" count="4"/>
        <line num="36" type="method" name="deleteCart" visibility="public" complexity="1" crap="1" count="1"/>
        <line num="38" type="stmt" count="1"/>
        <line num="44" type="method" name="back" visibility="public" complexity="1" crap="1" count="1"/>
        <line num="46" type="stmt" count="1"/>
        <line num="49" type="method" name="updatedMemo" visibility="public" complexity="1" crap="1" count="1"/>
        <line num="51" type="stmt" count="1"/>
        <line num="57" type="method" name="redirectTo" visibility="public" complexity="1" crap="1" count="1"/>
        <line num="59" type="stmt" count="1"/>
        <line num="62" type="method" name="render" visibility="public" complexity="1" crap="1" count="4"/>
        <line num="64" type="stmt" count="4"/>
        <line num="65" type="stmt" count="4"/>
        <line num="66" type="stmt" count="4"/>
        <line num="67" type="stmt" count="4"/>
        <metrics loc="70" ncloc="61" classes="1" methods="7" coveredmethods="7" conditionals="0" coveredconditionals="0" statements="10" coveredstatements="10" elements="17" coveredelements="17"/>
      </file>
    </package>
    <package name="Revolution\Ordering\Http\Middleware">
      <file name="/home/runner/work/self-ordering/self-ordering/src/Http/Middleware/HasTable.php">
        <class name="Revolution\Ordering\Http\Middleware\HasTable" namespace="Revolution\Ordering\Http\Middleware">
          <metrics complexity="2" methods="1" coveredmethods="1" conditionals="0" coveredconditionals="0" statements="3" coveredstatements="3" elements="4" coveredelements="4"/>
        </class>
        <line num="15" type="method" name="handle" visibility="public" complexity="2" crap="2" count="2"/>
        <line num="17" type="stmt" count="2"/>
        <line num="18" type="stmt" count="1"/>
        <line num="21" type="stmt" count="1"/>
        <metrics loc="24" ncloc="21" classes="1" methods="1" coveredmethods="1" conditionals="0" coveredconditionals="0" statements="3" coveredstatements="3" elements="4" coveredelements="4"/>
      </file>
    </package>
    <package name="Revolution\Ordering\Menu">
      <file name="/home/runner/work/self-ordering/self-ordering/src/Menu/ArrayDriver.php">
        <class name="Revolution\Ordering\Menu\ArrayDriver" namespace="Revolution\Ordering\Menu">
          <metrics complexity="1" methods="1" coveredmethods="1" conditionals="0" coveredconditionals="0" statements="1" coveredstatements="1" elements="2" coveredelements="2"/>
        </class>
        <line num="18" type="method" name="get" visibility="public" complexity="1" crap="1" count="13"/>
        <line num="20" type="stmt" count="13"/>
        <metrics loc="23" ncloc="20" classes="1" methods="1" coveredmethods="1" conditionals="0" coveredconditionals="0" statements="1" coveredstatements="1" elements="2" coveredelements="2"/>
      </file>
      <file name="/home/runner/work/self-ordering/self-ordering/src/Menu/ContentfulDriver.php">
        <class name="Revolution\Ordering\Menu\ContentfulDriver" namespace="Revolution\Ordering\Menu">
          <metrics complexity="3" methods="2" coveredmethods="2" conditionals="0" coveredconditionals="0" statements="24" coveredstatements="24" elements="26" coveredelements="26"/>
        </class>
        <line num="22" type="method" name="get" visibility="public" complexity="1" crap="1" count="1"/>
        <line num="24" type="stmt" count="1"/>
        <line num="26" type="stmt" count="1"/>
        <line num="28" type="stmt" count="1"/>
        <line num="29" type="stmt" count="1"/>
        <line num="30" type="stmt" count="1"/>
        <line num="31" type="stmt" count="1"/>
        <line num="32" type="stmt" count="1"/>
        <line num="34" type="stmt" count="1"/>
        <line num="35" type="stmt" count="1"/>
        <line num="37" type="stmt" count="1"/>
        <line num="38" type="stmt" count="1"/>
        <line num="41" type="method" name="transformItem" visibility="public" complexity="2" crap="2" count="1"/>
        <line num="43" type="stmt" count="1"/>
        <line num="44" type="stmt" count="1"/>
        <line num="45" type="stmt" count="1"/>
        <line num="46" type="stmt" count="1"/>
        <line num="47" type="stmt" count="1"/>
        <line num="48" type="stmt" count="1"/>
        <line num="49" type="stmt" count="1"/>
        <line num="51" type="stmt" count="1"/>
        <line num="52" type="stmt" count="1"/>
        <line num="54" type="stmt" count="1"/>
        <line num="55" type="stmt" count="1"/>
        <line num="57" type="stmt" count="1"/>
        <line num="60" type="stmt" count="1"/>
        <metrics loc="63" ncloc="60" classes="1" methods="2" coveredmethods="2" conditionals="0" coveredconditionals="0" statements="24" coveredstatements="24" elements="26" coveredelements="26"/>
      </file>
      <file name="/home/runner/work/self-ordering/self-ordering/src/Menu/GoogleSheetsDriver.php">
        <class name="Revolution\Ordering\Menu\GoogleSheetsDriver" namespace="Revolution\Ordering\Menu">
          <metrics complexity="1" methods="1" coveredmethods="1" conditionals="0" coveredconditionals="0" statements="10" coveredstatements="10" elements="11" coveredelements="11"/>
        </class>
        <line num="19" type="method" name="get" visibility="public" complexity="1" crap="1" count="1"/>
        <line num="24" type="stmt" count="1"/>
        <line num="26" type="stmt" count="1"/>
        <line num="27" type="stmt" count="1"/>
        <line num="28" type="stmt" count="1"/>
        <line num="29" type="stmt" count="1"/>
        <line num="31" type="stmt" count="1"/>
        <line num="33" type="stmt" count="1"/>
        <line num="34" type="stmt" count="1"/>
        <line num="36" type="stmt" count="1"/>
        <line num="37" type="stmt" count="1"/>
        <metrics loc="40" ncloc="34" classes="1" methods="1" coveredmethods="1" conditionals="0" coveredconditionals="0" statements="10" coveredstatements="10" elements="11" coveredelements="11"/>
      </file>
      <file name="/home/runner/work/self-ordering/self-ordering/src/Menu/GoogleSheetsFactory.php">
        <class name="Revolution\Ordering\Menu\GoogleSheetsFactory" namespace="Revolution\Ordering\Menu">
          <metrics complexity="1" methods="1" coveredmethods="1" conditionals="0" coveredconditionals="0" statements="3" coveredstatements="3" elements="4" coveredelements="4"/>
        </class>
        <line num="12" type="method" name="__invoke" visibility="public" complexity="1" crap="1" count="2"/>
        <line num="14" type="stmt" count="2"/>
        <line num="15" type="stmt" count="2"/>
        <line num="16" type="stmt" count="2"/>
        <metrics loc="19" ncloc="19" classes="1" methods="1" coveredmethods="1" conditionals="0" coveredconditionals="0" statements="3" coveredstatements="3" elements="4" coveredelements="4"/>
      </file>
      <file name="/home/runner/work/self-ordering/self-ordering/src/Menu/MenuManager.php">
        <class name="Revolution\Ordering\Menu\MenuManager" namespace="Revolution\Ordering\Menu">
          <metrics complexity="5" methods="5" coveredmethods="5" conditionals="0" coveredconditionals="0" statements="5" coveredstatements="5" elements="10" coveredelements="10"/>
        </class>
        <line num="16" type="method" name="getDefaultDriver" visibility="public" complexity="1" crap="1" count="13"/>
        <line num="18" type="stmt" count="13"/>
        <line num="21" type="method" name="createArrayDriver" visibility="public" complexity="1" crap="1" count="13"/>
        <line num="23" type="stmt" count="13"/>
        <line num="26" type="method" name="createMicroCmsDriver" visibility="public" complexity="1" crap="1" count="1"/>
        <line num="28" type="stmt" count="1"/>
        <line num="31" type="method" name="createGoogleSheetsDriver" visibility="public" complexity="1" crap="1" count="1"/>
        <line num="33" type="stmt" count="1"/>
        <line num="36" type="method" name="createContentfulDriver" visibility="public" complexity="1" crap="1" count="1"/>
        <line num="38" type="stmt" count="1"/>
        <metrics loc="41" ncloc="38" classes="1" methods="5" coveredmethods="5" conditionals="0" coveredconditionals="0" statements="5" coveredstatements="5" elements="10" coveredelements="10"/>
      </file>
      <file name="/home/runner/work/self-ordering/self-ordering/src/Menu/MicroCmsDriver.php">
        <class name="Revolution\Ordering\Menu\MicroCmsDriver" namespace="Revolution\Ordering\Menu">
          <metrics complexity="2" methods="1" coveredmethods="1" conditionals="0" coveredconditionals="0" statements="14" coveredstatements="14" elements="15" coveredelements="15"/>
        </class>
        <line num="19" type="method" name="get" visibility="public" complexity="2" crap="2" count="1"/>
        <line num="21" type="stmt" count="1"/>
        <line num="23" type="stmt" count="1"/>
        <line num="25" type="stmt" count="1"/>
        <line num="26" type="stmt" count="1"/>
        <line num="27" type="stmt" count="1"/>
        <line num="28" type="stmt" count="1"/>
        <line num="30" type="stmt" count="1"/>
        <line num="31" type="stmt" count="1"/>
        <line num="32" type="stmt" count="1"/>
        <line num="34" type="stmt" count="1"/>
        <line num="35" type="stmt" count="1"/>
        <line num="36" type="stmt" count="1"/>
        <line num="39" type="stmt" count="1"/>
        <line num="40" type="stmt" count="1"/>
        <metrics loc="43" ncloc="40" classes="1" methods="1" coveredmethods="1" conditionals="0" coveredconditionals="0" statements="14" coveredstatements="14" elements="15" coveredelements="15"/>
      </file>
      <file name="/home/runner/work/self-ordering/self-ordering/src/Menu/SampleMenu.php">
        <class name="Revolution\Ordering\Menu\SampleMenu" namespace="Revolution\Ordering\Menu">
          <metrics complexity="2" methods="2" coveredmethods="2" conditionals="0" coveredconditionals="0" statements="84" coveredstatements="84" elements="86" coveredelements="86"/>
        </class>
        <line num="12" type="method" name="__invoke" visibility="public" complexity="1" crap="1" count="13"/>
        <line num="14" type="stmt" count="13"/>
        <line num="16" type="stmt" count="13"/>
        <line num="17" type="stmt" count="13"/>
        <line num="18" type="stmt" count="13"/>
        <line num="19" type="stmt" count="13"/>
        <line num="20" type="stmt" count="13"/>
        <line num="21" type="stmt" count="13"/>
        <line num="22" type="stmt" count="13"/>
        <line num="23" type="stmt" count="13"/>
        <line num="24" type="stmt" count="13"/>
        <line num="25" type="stmt" count="13"/>
        <line num="26" type="stmt" count="13"/>
        <line num="27" type="stmt" count="13"/>
        <line num="28" type="stmt" count="13"/>
        <line num="29" type="stmt" count="13"/>
        <line num="30" type="stmt" count="13"/>
        <line num="31" type="stmt" count="13"/>
        <line num="32" type="stmt" count="13"/>
        <line num="33" type="stmt" count="13"/>
        <line num="34" type="stmt" count="13"/>
        <line num="35" type="stmt" count="13"/>
        <line num="36" type="stmt" count="13"/>
        <line num="37" type="stmt" count="13"/>
        <line num="38" type="stmt" count="13"/>
        <line num="39" type="stmt" count="13"/>
        <line num="40" type="stmt" count="13"/>
        <line num="41" type="stmt" count="13"/>
        <line num="42" type="stmt" count="13"/>
        <line num="43" type="stmt" count="13"/>
        <line num="44" type="stmt" count="13"/>
        <line num="45" type="stmt" count="13"/>
        <line num="46" type="stmt" count="13"/>
        <line num="47" type="stmt" count="13"/>
        <line num="48" type="stmt" count="13"/>
        <line num="49" type="stmt" count="13"/>
        <line num="50" type="stmt" count="13"/>
        <line num="51" type="stmt" count="13"/>
        <line num="52" type="stmt" count="13"/>
        <line num="53" type="stmt" count="13"/>
        <line num="54" type="stmt" count="13"/>
        <line num="55" type="stmt" count="13"/>
        <line num="56" type="stmt" count="13"/>
        <line num="57" type="stmt" count="13"/>
        <line num="58" type="stmt" count="13"/>
        <line num="59" type="stmt" count="13"/>
        <line num="60" type="stmt" count="13"/>
        <line num="61" type="stmt" count="13"/>
        <line num="62" type="stmt" count="13"/>
        <line num="63" type="stmt" count="13"/>
        <line num="64" type="stmt" count="13"/>
        <line num="65" type="stmt" count="13"/>
        <line num="66" type="stmt" count="13"/>
        <line num="67" type="stmt" count="13"/>
        <line num="68" type="stmt" count="13"/>
        <line num="69" type="stmt" count="13"/>
        <line num="70" type="stmt" count="13"/>
        <line num="71" type="stmt" count="13"/>
        <line num="72" type="stmt" count="13"/>
        <line num="73" type="stmt" count="13"/>
        <line num="74" type="stmt" count="13"/>
        <line num="75" type="stmt" count="13"/>
        <line num="76" type="stmt" count="13"/>
        <line num="77" type="stmt" count="13"/>
        <line num="78" type="stmt" count="13"/>
        <line num="79" type="stmt" count="13"/>
        <line num="80" type="stmt" count="13"/>
        <line num="81" type="stmt" count="13"/>
        <line num="82" type="stmt" count="13"/>
        <line num="83" type="stmt" count="13"/>
        <line num="84" type="stmt" count="13"/>
        <line num="85" type="stmt" count="13"/>
        <line num="86" type="stmt" count="13"/>
        <line num="87" type="stmt" count="13"/>
        <line num="88" type="stmt" count="13"/>
        <line num="89" type="stmt" count="13"/>
        <line num="90" type="stmt" count="13"/>
        <line num="91" type="stmt" count="13"/>
        <line num="92" type="stmt" count="13"/>
        <line num="93" type="stmt" count="13"/>
        <line num="94" type="stmt" count="13"/>
        <line num="95" type="stmt" count="13"/>
        <line num="96" type="stmt" count="13"/>
        <line num="97" type="stmt" count="13"/>
        <line num="100" type="method" name="image" visibility="protected" complexity="1" crap="1" count="13"/>
        <line num="102" type="stmt" count="13"/>
        <metrics loc="105" ncloc="105" classes="1" methods="2" coveredmethods="2" conditionals="0" coveredconditionals="0" statements="84" coveredstatements="84" elements="86" coveredelements="86"/>
      </file>
    </package>
    <package name="Revolution\Ordering\Payment">
      <file name="/home/runner/work/self-ordering/self-ordering/src/Payment/CashDriver.php">
        <class name="Revolution\Ordering\Payment\CashDriver" namespace="Revolution\Ordering\Payment">
          <metrics complexity="1" methods="1" coveredmethods="1" conditionals="0" coveredconditionals="0" statements="5" coveredstatements="5" elements="6" coveredelements="6"/>
        </class>
        <line num="12" type="method" name="redirect" visibility="public" complexity="1" crap="1" count="2"/>
        <line num="15" type="stmt" count="2"/>
        <line num="16" type="stmt" count="2"/>
        <line num="17" type="stmt" count="2"/>
        <line num="19" type="stmt" count="2"/>
        <line num="21" type="stmt" count="2"/>
        <metrics loc="24" ncloc="23" classes="1" methods="1" coveredmethods="1" conditionals="0" coveredconditionals="0" statements="5" coveredstatements="5" elements="6" coveredelements="6"/>
      </file>
      <file name="/home/runner/work/self-ordering/self-ordering/src/Payment/PaymentManager.php">
        <class name="Revolution\Ordering\Payment\PaymentManager" namespace="Revolution\Ordering\Payment">
          <metrics complexity="3" methods="3" coveredmethods="3" conditionals="0" coveredconditionals="0" statements="3" coveredstatements="3" elements="6" coveredelements="6"/>
        </class>
        <line num="16" type="method" name="getDefaultDriver" visibility="public" complexity="1" crap="1" count="1"/>
        <line num="18" type="stmt" count="1"/>
        <line num="21" type="method" name="createCashDriver" visibility="public" complexity="1" crap="1" count="2"/>
        <line num="23" type="stmt" count="2"/>
        <line num="26" type="method" name="createPaypayDriver" visibility="public" complexity="1" crap="1" count="1"/>
        <line num="28" type="stmt" count="1"/>
        <metrics loc="31" ncloc="28" classes="1" methods="3" coveredmethods="3" conditionals="0" coveredconditionals="0" statements="3" coveredstatements="3" elements="6" coveredelements="6"/>
      </file>
      <file name="/home/runner/work/self-ordering/self-ordering/src/Payment/PaymentMethod.php">
        <class name="Revolution\Ordering\Payment\PaymentMethod" namespace="Revolution\Ordering\Payment">
          <metrics complexity="1" methods="1" coveredmethods="1" conditionals="0" coveredconditionals="0" statements="1" coveredstatements="1" elements="2" coveredelements="2"/>
        </class>
        <line num="17" type="method" name="methods" visibility="public" complexity="1" crap="1" count="6"/>
        <line num="24" type="stmt" count="6"/>
        <metrics loc="27" ncloc="23" classes="1" methods="1" coveredmethods="1" conditionals="0" coveredconditionals="0" statements="1" coveredstatements="1" elements="2" coveredelements="2"/>
      </file>
      <file name="/home/runner/work/self-ordering/self-ordering/src/Payment/PaypayDriver.php">
        <class name="Revolution\Ordering\Payment\PaypayDriver" namespace="Revolution\Ordering\Payment">
          <metrics complexity="1" methods="1" coveredmethods="1" conditionals="0" coveredconditionals="0" statements="1" coveredstatements="1" elements="2" coveredelements="2"/>
        </class>
        <line num="15" type="method" name="redirect" visibility="public" complexity="1" crap="1" count="1"/>
        <line num="17" type="stmt" count="1"/>
        <metrics loc="20" ncloc="17" classes="1" methods="1" coveredmethods="1" conditionals="0" coveredconditionals="0" statements="1" coveredstatements="1" elements="2" coveredelements="2"/>
      </file>
    </package>
    <package name="Revolution\Ordering\Payment\Concerns">
      <file name="/home/runner/work/self-ordering/self-ordering/src/Payment/Concerns/WithPaymentMethodCollection.php">
        <class name="Revolution\Ordering\Payment\Concerns\WithPaymentMethodCollection" namespace="Revolution\Ordering\Payment\Concerns">
          <metrics complexity="2" methods="2" coveredmethods="2" conditionals="0" coveredconditionals="0" statements="2" coveredstatements="2" elements="4" coveredelements="4"/>
        </class>
        <line num="15" type="method" name="keys" visibility="public" complexity="1" crap="1" count="1"/>
        <line num="17" type="stmt" count="1"/>
        <line num="20" type="method" name="name" visibility="public" complexity="1" crap="1" count="2"/>
        <line num="22" type="stmt" count="2"/>
        <metrics loc="25" ncloc="22" classes="1" methods="2" coveredmethods="2" conditionals="0" coveredconditionals="0" statements="2" coveredstatements="2" elements="4" coveredelements="4"/>
      </file>
    </package>
    <package name="Revolution\Ordering\Payment\PayPay">
      <file name="/home/runner/work/self-ordering/self-ordering/src/Payment/PayPay/CreateOrderItem.php">
        <class name="Revolution\Ordering\Payment\PayPay\CreateOrderItem" namespace="Revolution\Ordering\Payment\PayPay">
          <metrics complexity="1" methods="1" coveredmethods="1" conditionals="0" coveredconditionals="0" statements="9" coveredstatements="9" elements="10" coveredelements="10"/>
        </class>
        <line num="17" type="method" name="__invoke" visibility="public" complexity="1" crap="1" count="2"/>
        <line num="19" type="stmt" count="2"/>
        <line num="20" type="stmt" count="2"/>
        <line num="21" type="stmt" count="2"/>
        <line num="22" type="stmt" count="2"/>
        <line num="23" type="stmt" count="2"/>
        <line num="24" type="stmt" count="2"/>
        <line num="25" type="stmt" count="2"/>
        <line num="26" type="stmt" count="2"/>
        <line num="27" type="stmt" count="2"/>
        <metrics loc="30" ncloc="27" classes="1" methods="1" coveredmethods="1" conditionals="0" coveredconditionals="0" statements="9" coveredstatements="9" elements="10" coveredelements="10"/>
      </file>
      <file name="/home/runner/work/self-ordering/self-ordering/src/Payment/PayPay/CreateQrCode.php">
        <class name="Revolution\Ordering\Payment\PayPay\CreateQrCode" namespace="Revolution\Ordering\Payment\PayPay">
          <metrics complexity="3" methods="3" coveredmethods="3" conditionals="0" coveredconditionals="0" statements="19" coveredstatements="19" elements="22" coveredelements="22"/>
        </class>
        <line num="20" type="method" name="__invoke" visibility="public" complexity="1" crap="1" count="2"/>
        <line num="22" type="stmt" count="2"/>
        <line num="28" type="method" name="payload" visibility="protected" complexity="1" crap="1" count="2"/>
        <line num="30" type="stmt" count="2"/>
        <line num="32" type="stmt" count="2"/>
        <line num="34" type="stmt" count="2"/>
        <line num="35" type="stmt" count="2"/>
        <line num="36" type="stmt" count="2"/>
        <line num="37" type="stmt" count="2"/>
        <line num="40" type="stmt" count="2"/>
        <line num="41" type="stmt" count="2"/>
        <line num="42" type="stmt" count="2"/>
        <line num="44" type="stmt" count="2"/>
        <line num="46" type="stmt" count="2"/>
        <line num="52" type="method" name="createQrCodePayload" visibility="protected" complexity="1" crap="1" count="2"/>
        <line num="54" type="stmt" count="2"/>
        <line num="56" type="stmt" count="2"/>
        <line num="57" type="stmt" count="2"/>
        <line num="58" type="stmt" count="2"/>
        <line num="59" type="stmt" count="2"/>
        <line num="60" type="stmt" count="2"/>
        <line num="61" type="stmt" count="2"/>
        <metrics loc="64" ncloc="53" classes="1" methods="3" coveredmethods="3" conditionals="0" coveredconditionals="0" statements="19" coveredstatements="19" elements="22" coveredelements="22"/>
      </file>
      <file name="/home/runner/work/self-ordering/self-ordering/src/Payment/PayPay/MerchantPaymentId.php">
        <class name="Revolution\Ordering\Payment\PayPay\MerchantPaymentId" namespace="Revolution\Ordering\Payment\PayPay">
          <metrics complexity="1" methods="1" coveredmethods="1" conditionals="0" coveredconditionals="0" statements="1" coveredstatements="1" elements="2" coveredelements="2"/>
        </class>
        <line num="11" type="method" name="create" visibility="public" complexity="1" crap="1" count="2"/>
        <line num="13" type="stmt" count="2"/>
        <metrics loc="16" ncloc="16" classes="1" methods="1" coveredmethods="1" conditionals="0" coveredconditionals="0" statements="1" coveredstatements="1" elements="2" coveredelements="2"/>
      </file>
      <file name="/home/runner/work/self-ordering/self-ordering/src/Payment/PayPay/PayPay.php">
        <class name="Revolution\Ordering\Payment\PayPay\PayPay" namespace="Revolution\Ordering\Payment\PayPay">
          <metrics complexity="3" methods="2" coveredmethods="2" conditionals="0" coveredconditionals="0" statements="13" coveredstatements="13" elements="15" coveredelements="15"/>
        </class>
        <line num="19" type="method" name="redirect" visibility="public" complexity="2" crap="2" count="2"/>
        <line num="21" type="stmt" count="2"/>
        <line num="23" type="stmt" count="2"/>
        <line num="24" type="stmt" count="1"/>
        <line num="26" type="stmt" count="1"/>
        <line num="29" type="stmt" count="1"/>
        <line num="31" type="stmt" count="1"/>
        <line num="32" type="stmt" count="1"/>
        <line num="33" type="stmt" count="1"/>
        <line num="34" type="stmt" count="1"/>
        <line num="37" type="method" name="getPaymentDetails" visibility="public" complexity="1" crap="1" count="2"/>
        <line num="39" type="stmt" count="2"/>
        <line num="40" type="stmt" count="2"/>
        <line num="41" type="stmt" count="2"/>
        <line num="42" type="stmt" count="2"/>
        <metrics loc="45" ncloc="45" classes="1" methods="2" coveredmethods="2" conditionals="0" coveredconditionals="0" statements="13" coveredstatements="13" elements="15" coveredelements="15"/>
      </file>
    </package>
    <package name="Revolution\Ordering\Providers\Concerns">
      <file name="/home/runner/work/self-ordering/self-ordering/src/Providers/Concerns/WithBindings.php">
        <class name="Revolution\Ordering\Providers\Concerns\WithBindings" namespace="Revolution\Ordering\Providers\Concerns">
          <metrics complexity="1" methods="1" coveredmethods="1" conditionals="0" coveredconditionals="0" statements="13" coveredstatements="13" elements="14" coveredelements="14"/>
        </class>
        <line num="36" type="method" name="registerBindings" visibility="protected" complexity="1" crap="1" count="43"/>
        <line num="38" type="stmt" count="43"/>
        <line num="39" type="stmt" count="43"/>
        <line num="40" type="stmt" count="43"/>
        <line num="41" type="stmt" count="43"/>
        <line num="42" type="stmt" count="43"/>
        <line num="43" type="stmt" count="43"/>
        <line num="44" type="stmt" count="43"/>
        <line num="45" type="stmt" count="43"/>
        <line num="46" type="stmt" count="43"/>
        <line num="47" type="stmt" count="43"/>
        <line num="48" type="stmt" count="43"/>
        <line num="49" type="stmt" count="43"/>
        <line num="51" type="stmt" count="43"/>
        <metrics loc="54" ncloc="54" classes="1" methods="1" coveredmethods="1" conditionals="0" coveredconditionals="0" statements="13" coveredstatements="13" elements="14" coveredelements="14"/>
      </file>
      <file name="/home/runner/work/self-ordering/self-ordering/src/Providers/Concerns/WithGoogleSheets.php">
        <class name="Revolution\Ordering\Providers\Concerns\WithGoogleSheets" namespace="Revolution\Ordering\Providers\Concerns">
          <metrics complexity="1" methods="1" coveredmethods="1" conditionals="0" coveredconditionals="0" statements="8" coveredstatements="8" elements="9" coveredelements="9"/>
        </class>
        <line num="11" type="method" name="registerGoogle" visibility="protected" complexity="1" crap="1" count="43"/>
        <line num="13" type="stmt" count="43"/>
        <line num="14" type="stmt" count="43"/>
        <line num="15" type="stmt" count="43"/>
        <line num="16" type="stmt" count="43"/>
        <line num="18" type="stmt" count="43"/>
        <line num="19" type="stmt" count="43"/>
        <line num="20" type="stmt" count="43"/>
        <line num="21" type="stmt" count="43"/>
        <metrics loc="24" ncloc="24" classes="1" methods="1" coveredmethods="1" conditionals="0" coveredconditionals="0" statements="8" coveredstatements="8" elements="9" coveredelements="9"/>
      </file>
      <file name="/home/runner/work/self-ordering/self-ordering/src/Providers/Concerns/WithLivewire.php">
        <class name="Revolution\Ordering\Providers\Concerns\WithLivewire" namespace="Revolution\Ordering\Providers\Concerns">
          <metrics complexity="2" methods="1" coveredmethods="1" conditionals="0" coveredconditionals="0" statements="6" coveredstatements="6" elements="7" coveredelements="7"/>
        </class>
        <line num="16" type="method" name="registerLivewire" visibility="protected" complexity="2" crap="2" count="43"/>
        <line num="18" type="stmt" count="43"/>
        <line num="22" type="stmt" count="43"/>
        <line num="23" type="stmt" count="43"/>
        <line num="24" type="stmt" count="43"/>
        <line num="25" type="stmt" count="43"/>
        <line num="26" type="stmt" count="43"/>
        <metrics loc="29" ncloc="28" classes="1" methods="1" coveredmethods="1" conditionals="0" coveredconditionals="0" statements="6" coveredstatements="6" elements="7" coveredelements="7"/>
      </file>
      <file name="/home/runner/work/self-ordering/self-ordering/src/Providers/Concerns/WithRoutes.php">
        <class name="Revolution\Ordering\Providers\Concerns\WithRoutes" namespace="Revolution\Ordering\Providers\Concerns">
          <metrics complexity="2" methods="1" coveredmethods="1" conditionals="0" coveredconditionals="0" statements="14" coveredstatements="14" elements="15" coveredelements="15"/>
        </class>
        <line num="11" type="method" name="configureRoutes" visibility="protected" complexity="2" crap="2" count="43"/>
        <line num="13" type="stmt" count="43"/>
        <line num="17" type="stmt" count="43"/>
        <line num="18" type="stmt" count="43"/>
        <line num="19" type="stmt" count="43"/>
        <line num="20" type="stmt" count="43"/>
        <line num="21" type="stmt" count="43"/>
        <line num="22" type="stmt" count="43"/>
        <line num="23" type="stmt" count="43"/>
        <line num="25" type="stmt" count="43"/>
        <line num="26" type="stmt" count="43"/>
        <line num="27" type="stmt" count="43"/>
        <line num="28" type="stmt" count="43"/>
        <line num="29" type="stmt" count="43"/>
        <line num="30" type="stmt" count="43"/>
        <metrics loc="33" ncloc="32" classes="1" methods="1" coveredmethods="1" conditionals="0" coveredconditionals="0" statements="14" coveredstatements="14" elements="15" coveredelements="15"/>
      </file>
    </package>
    <package name="Revolution\Ordering\Providers">
      <file name="/home/runner/work/self-ordering/self-ordering/src/Providers/OrderingServiceProvider.php">
        <class name="Revolution\Ordering\Providers\OrderingServiceProvider" namespace="Revolution\Ordering\Providers">
          <metrics complexity="5" methods="4" coveredmethods="4" conditionals="0" coveredconditionals="0" statements="29" coveredstatements="29" elements="33" coveredelements="33"/>
        </class>
        <line num="25" type="method" name="register" visibility="public" complexity="1" crap="1" count="43"/>
        <line num="27" type="stmt" count="43"/>
        <line num="29" type="stmt" count="43"/>
        <line num="31" type="stmt" count="43"/>
        <line num="33" type="stmt" count="43"/>
        <line num="34" type="stmt" count="43"/>
        <line num="35" type="stmt" count="43"/>
        <line num="36" type="stmt" count="43"/>
        <line num="37" type="stmt" count="43"/>
        <line num="38" type="stmt" count="43"/>
        <line num="40" type="stmt" count="43"/>
        <line num="43" type="method" name="boot" visibility="public" complexity="2" crap="2" count="43"/>
        <line num="45" type="stmt" count="43"/>
        <line num="46" type="stmt" count="43"/>
        <line num="47" type="stmt" count="43"/>
        <line num="48" type="stmt" count="43"/>
        <line num="50" type="stmt" count="43"/>
        <line num="51" type="stmt" count="43"/>
        <line num="52" type="stmt" count="43"/>
        <line num="54" type="stmt" count="43"/>
        <line num="55" type="stmt" count="43"/>
        <line num="56" type="stmt" count="43"/>
        <line num="59" type="stmt" count="43"/>
        <line num="61" type="stmt" count="43"/>
        <line num="63" type="stmt" count="43"/>
        <line num="66" type="method" name="configureView" visibility="protected" complexity="1" crap="1" count="43"/>
        <line num="68" type="stmt" count="43"/>
        <line num="70" type="stmt" count="43"/>
        <line num="71" type="stmt" count="43"/>
        <line num="72" type="stmt" count="43"/>
        <line num="73" type="stmt" count="43"/>
        <line num="76" type="method" name="configureAuth" visibility="protected" complexity="1" crap="1" count="43"/>
        <line num="78" type="stmt" count="43"/>
        <metrics loc="81" ncloc="81" classes="1" methods="4" coveredmethods="4" conditionals="0" coveredconditionals="0" statements="29" coveredstatements="29" elements="33" coveredelements="33"/>
      </file>
    </package>
    <package name="Revolution\Ordering\Support">
      <file name="/home/runner/work/self-ordering/self-ordering/src/Support/OrderId.php">
        <class name="Revolution\Ordering\Support\OrderId" namespace="Revolution\Ordering\Support">
          <metrics complexity="3" methods="1" coveredmethods="0" conditionals="0" coveredconditionals="0" statements="7" coveredstatements="5" elements="8" coveredelements="5"/>
        </class>
        <line num="11" type="method" name="create" visibility="public" complexity="3" crap="3.21" count="1"/>
        <line num="13" type="stmt" count="1"/>
        <line num="15" type="stmt" count="1"/>
        <line num="16" type="stmt" count="1"/>
        <line num="20" type="stmt" count="1"/>
        <line num="21" type="stmt" count="0"/>
        <line num="22" type="stmt" count="0"/>
        <line num="25" type="stmt" count="1"/>
        <metrics loc="28" ncloc="28" classes="1" methods="1" coveredmethods="0" conditionals="0" coveredconditionals="0" statements="7" coveredstatements="5" elements="8" coveredelements="5"/>
      </file>
      <file name="/home/runner/work/self-ordering/self-ordering/src/Support/QrCode.php">
        <class name="Revolution\Ordering\Support\QrCode" namespace="Revolution\Ordering\Support">
          <metrics complexity="1" methods="1" coveredmethods="1" conditionals="0" coveredconditionals="0" statements="9" coveredstatements="9" elements="10" coveredelements="10"/>
        </class>
        <line num="17" type="method" name="svg" visibility="public" complexity="1" crap="1" count="2"/>
        <line num="19" type="stmt" count="2"/>
        <line num="20" type="stmt" count="2"/>
        <line num="21" type="stmt" count="2"/>
        <line num="22" type="stmt" count="2"/>
        <line num="24" type="stmt" count="2"/>
        <line num="25" type="stmt" count="2"/>
        <line num="26" type="stmt" count="2"/>
        <line num="27" type="stmt" count="2"/>
        <line num="29" type="stmt" count="2"/>
        <metrics loc="32" ncloc="32" classes="1" methods="1" coveredmethods="1" conditionals="0" coveredconditionals="0" statements="9" coveredstatements="9" elements="10" coveredelements="10"/>
      </file>
    </package>
    <package name="Revolution\Ordering\View\Components">
      <file name="/home/runner/work/self-ordering/self-ordering/src/View/Components/AppLayout.php">
        <class name="Revolution\Ordering\View\Components\AppLayout" namespace="Revolution\Ordering\View\Components">
          <metrics complexity="1" methods="1" coveredmethods="1" conditionals="0" coveredconditionals="0" statements="1" coveredstatements="1" elements="2" coveredelements="2"/>
        </class>
        <line num="16" type="method" name="render" visibility="public" complexity="1" crap="1" count="4"/>
        <line num="18" type="stmt" count="4"/>
        <metrics loc="21" ncloc="16" classes="1" methods="1" coveredmethods="1" conditionals="0" coveredconditionals="0" statements="1" coveredstatements="1" elements="2" coveredelements="2"/>
      </file>
      <file name="/home/runner/work/self-ordering/self-ordering/src/View/Components/DashboardLayout.php">
        <class name="Revolution\Ordering\View\Components\DashboardLayout" namespace="Revolution\Ordering\View\Components">
          <metrics complexity="1" methods="1" coveredmethods="1" conditionals="0" coveredconditionals="0" statements="1" coveredstatements="1" elements="2" coveredelements="2"/>
        </class>
        <line num="16" type="method" name="render" visibility="public" complexity="1" crap="1" count="1"/>
        <line num="18" type="stmt" count="1"/>
        <metrics loc="21" ncloc="16" classes="1" methods="1" coveredmethods="1" conditionals="0" coveredconditionals="0" statements="1" coveredstatements="1" elements="2" coveredelements="2"/>
      </file>
    </package>
    <metrics files="68" loc="2032" ncloc="1822" classes="47" methods="85" coveredmethods="83" conditionals="0" coveredconditionals="0" statements="424" coveredstatements="420" elements="509" coveredelements="503"/>
  </project>
</coverage>
